#-----------------------------------------------------------
# Vivado v2016.1 (64-bit)
# SW Build 1538259 on Fri Apr  8 15:45:27 MDT 2016
# IP Build 1537824 on Fri Apr  8 04:28:57 MDT 2016
# Start of session at: Tue Sep 05 12:15:00 2023
# Process ID: 13752
# Current directory: C:/New folder/vivado/project_1
# Command line: vivado.exe -gui_launcher_event rodinguilauncherevent2448 C:\New folder\vivado\project_1\project_1.xpr
# Log file: C:/New folder/vivado/project_1/vivado.log
# Journal file: C:/New folder/vivado/project_1\vivado.jou
#-----------------------------------------------------------
start_gui
open_project {C:/New folder/vivado/project_1/project_1.xpr}
Scanning sources...
Finished scanning sources
INFO: [IP_Flow 19-234] Refreshing IP repositories
INFO: [IP_Flow 19-1704] No user IP repositories specified
INFO: [IP_Flow 19-2313] Loaded Vivado IP repository 'C:/Xilinx/Vivado/2016.1/data/ip'.
update_compile_order -fileset sources_1
exit
INFO: [Common 17-206] Exiting Vivado at Tue Sep 05 13:15:40 2023...
